{"/home/roma/Documents/Projects/SPO/src/components/layout/Login.js": {"path":"/home/roma/Documents/Projects/SPO/src/components/layout/Login.js","statementMap":{"0":{"start":{"line":5,"column":8},"end":{"line":35,"column":9}}},"fnMap":{"0":{"name":"(anonymous_0)","decl":{"start":{"line":4,"column":4},"end":{"line":4,"column":5}},"loc":{"start":{"line":4,"column":13},"end":{"line":36,"column":5}},"line":4}},"branchMap":{},"s":{"0":1},"f":{"0":1},"b":{},"_coverageSchema":"332fd63041d2c1bcb487cc26dd0d5f7d97098a6c","hash":"ffa45d4351ca194f2c451e017623f1dd6ba1ce07"}
,"/home/roma/Documents/Projects/SPO/src/components/layout/Root.js": {"path":"/home/roma/Documents/Projects/SPO/src/components/layout/Root.js","statementMap":{"0":{"start":{"line":4,"column":13},"end":{"line":6,"column":1}},"1":{"start":{"line":5,"column":4},"end":{"line":5,"column":12}}},"fnMap":{"0":{"name":"(anonymous_0)","decl":{"start":{"line":4,"column":13},"end":{"line":4,"column":14}},"loc":{"start":{"line":5,"column":4},"end":{"line":5,"column":12}},"line":5}},"branchMap":{},"s":{"0":1,"1":1},"f":{"0":1},"b":{},"_coverageSchema":"332fd63041d2c1bcb487cc26dd0d5f7d97098a6c","hash":"7667fb2a556b488e438bd6202c46d69f214bdaac"}
,"/home/roma/Documents/Projects/SPO/src/components/layout/index.js": {"path":"/home/roma/Documents/Projects/SPO/src/components/layout/index.js","statementMap":{},"fnMap":{},"branchMap":{},"s":{},"f":{},"b":{},"_coverageSchema":"332fd63041d2c1bcb487cc26dd0d5f7d97098a6c","hash":"572f66de32b19f006fe33ff5cf8333e3c3514a80"}
}
